<?xml version="1.0" encoding="UTF-8"?>
<!-- Generated by org.testng.reporters.JUnitReportReporter -->
<testsuite hostname="DESKTOP-2NCCHVC" failures="0" tests="2" name="AditiTripathi.SkipMessages" time="1.043" errors="1" timestamp="2024-03-04T11:53:02 IST" skipped="1">
  <testcase classname="AditiTripathi.SkipMessages" name="dws" time="0.000">
    <skipped/>
  </testcase> <!-- dws -->
  <testcase classname="AditiTripathi.SkipMessages" name="redBus" time="1.043">
    <error message="Method AditiTripathi.SkipMessages.redBus() didn&#039;t finish within the time-out 1000" type="org.testng.internal.thread.ThreadTimeoutException">
      <![CDATA[org.testng.internal.thread.ThreadTimeoutException: Method AditiTripathi.SkipMessages.redBus() didn't finish within the time-out 1000
at java.base@17.0.2/java.io.FileInputStream.open0(Native Method)
at java.base@17.0.2/java.io.FileInputStream.open(FileInputStream.java:216)
at java.base@17.0.2/java.io.FileInputStream.<init>(FileInputStream.java:157)
at java.base@17.0.2/java.time.zone.TzdbZoneRulesProvider.<init>(TzdbZoneRulesProvider.java:110)
at java.base@17.0.2/java.time.zone.ZoneRulesProvider$1.run(ZoneRulesProvider.java:165)
at java.base@17.0.2/java.security.AccessController.executePrivileged(AccessController.java:776)
at java.base@17.0.2/java.security.AccessController.doPrivileged(AccessController.java:318)
at java.base@17.0.2/java.time.zone.ZoneRulesProvider.<clinit>(ZoneRulesProvider.java:151)
at java.base@17.0.2/java.time.ZoneRegion.ofId(ZoneRegion.java:121)
at java.base@17.0.2/java.time.ZoneId.of(ZoneId.java:410)
at java.base@17.0.2/java.time.ZoneId.of(ZoneId.java:358)
at java.base@17.0.2/java.time.ZoneId.of(ZoneId.java:314)
at java.base@17.0.2/java.util.TimeZone.toZoneId0(TimeZone.java:574)
at java.base@17.0.2/java.util.TimeZone.toZoneId(TimeZone.java:551)
at java.base@17.0.2/java.util.TimeZone.toZoneId0(TimeZone.java:563)
at java.base@17.0.2/java.util.TimeZone.toZoneId(TimeZone.java:551)
at java.base@17.0.2/java.time.ZoneId.systemDefault(ZoneId.java:274)
at java.logging@17.0.2/java.util.logging.SimpleFormatter.format(SimpleFormatter.java:161)
at java.logging@17.0.2/java.util.logging.StreamHandler.publish(StreamHandler.java:199)
at java.logging@17.0.2/java.util.logging.ConsoleHandler.publish(ConsoleHandler.java:95)
at java.logging@17.0.2/java.util.logging.Logger.log(Logger.java:980)
at java.logging@17.0.2/java.util.logging.Logger.doLog(Logger.java:1007)
at java.logging@17.0.2/java.util.logging.Logger.log(Logger.java:1030)
at app//org.openqa.selenium.manager.SeleniumManager.lambda$runCommand$1(SeleniumManager.java:131)
at app//org.openqa.selenium.manager.SeleniumManager$$Lambda$266/0x0000000800d45090.accept(Unknown Source)
at java.base@17.0.2/java.util.ArrayList.forEach(ArrayList.java:1511)
at app//org.openqa.selenium.manager.SeleniumManager.runCommand(SeleniumManager.java:131)
at app//org.openqa.selenium.manager.SeleniumManager.getDriverPath(SeleniumManager.java:289)
at app//org.openqa.selenium.remote.service.DriverFinder.getPath(DriverFinder.java:22)
at app//org.openqa.selenium.remote.service.DriverFinder.getPath(DriverFinder.java:13)
at app//org.openqa.selenium.chrome.ChromeDriver.generateExecutor(ChromeDriver.java:99)
at app//org.openqa.selenium.chrome.ChromeDriver.<init>(ChromeDriver.java:88)
at app//org.openqa.selenium.chrome.ChromeDriver.<init>(ChromeDriver.java:83)
at app//org.openqa.selenium.chrome.ChromeDriver.<init>(ChromeDriver.java:51)
at app//AditiTripathi.SkipMessages.redBus(SkipMessages.java:13)
at java.base@17.0.2/jdk.internal.reflect.NativeMethodAccessorImpl.invoke0(Native Method)
at java.base@17.0.2/jdk.internal.reflect.NativeMethodAccessorImpl.invoke(NativeMethodAccessorImpl.java:77)
at java.base@17.0.2/jdk.internal.reflect.DelegatingMethodAccessorImpl.invoke(DelegatingMethodAccessorImpl.java:43)
at java.base@17.0.2/java.lang.reflect.Method.invoke(Method.java:568)
at app//org.testng.internal.invokers.MethodInvocationHelper.invokeMethod(MethodInvocationHelper.java:139)
at app//org.testng.internal.invokers.InvokeMethodRunnable.runOne(InvokeMethodRunnable.java:47)
at app//org.testng.internal.invokers.InvokeMethodRunnable.call(InvokeMethodRunnable.java:76)
at app//org.testng.internal.invokers.InvokeMethodRunnable.call(InvokeMethodRunnable.java:11)
at java.base@17.0.2/java.util.concurrent.FutureTask.run(FutureTask.java:264)
at java.base@17.0.2/java.util.concurrent.ThreadPoolExecutor.runWorker(ThreadPoolExecutor.java:1136)
at java.base@17.0.2/java.util.concurrent.ThreadPoolExecutor$Worker.run(ThreadPoolExecutor.java:635)
at java.base@17.0.2/java.lang.Thread.run(Thread.java:833)
]]>
    </error>
  </testcase> <!-- redBus -->
</testsuite> <!-- AditiTripathi.SkipMessages -->
